C:\Users\sheila\Documents\Projetos\ReadSeries\ReadSeries\wwwroot\lib\echarts-5.3.0\package\lib\bmap\BMapCoordSys.js
C:\Users\sheila\Documents\Projetos\ReadSeries\ReadSeries\wwwroot\lib\echarts-5.3.0\package\lib\bmap\BMapCoordSys.js.map
C:\Users\sheila\Documents\Projetos\ReadSeries\ReadSeries\wwwroot\lib\echarts-5.3.0\package\lib\bmap\BMapCoordSys.d.ts
C:\Users\sheila\Documents\Projetos\ReadSeries\ReadSeries\wwwroot\lib\echarts-5.3.0\package\lib\bmap\BMapModel.js
C:\Users\sheila\Documents\Projetos\ReadSeries\ReadSeries\wwwroot\lib\echarts-5.3.0\package\lib\bmap\BMapModel.js.map
C:\Users\sheila\Documents\Projetos\ReadSeries\ReadSeries\wwwroot\lib\echarts-5.3.0\package\lib\bmap\BMapModel.d.ts
C:\Users\sheila\Documents\Projetos\ReadSeries\ReadSeries\wwwroot\lib\echarts-5.3.0\package\lib\bmap\BMapView.js
C:\Users\sheila\Documents\Projetos\ReadSeries\ReadSeries\wwwroot\lib\echarts-5.3.0\package\lib\bmap\BMapView.js.map
C:\Users\sheila\Documents\Projetos\ReadSeries\ReadSeries\wwwroot\lib\echarts-5.3.0\package\lib\bmap\BMapView.d.ts
C:\Users\sheila\Documents\Projetos\ReadSeries\ReadSeries\wwwroot\lib\echarts-5.3.0\package\lib\bmap\bmap.js
C:\Users\sheila\Documents\Projetos\ReadSeries\ReadSeries\wwwroot\lib\echarts-5.3.0\package\lib\bmap\bmap.js.map
C:\Users\sheila\Documents\Projetos\ReadSeries\ReadSeries\wwwroot\lib\echarts-5.3.0\package\lib\bmap\bmap.d.ts
C:\Users\sheila\Documents\Projetos\ReadSeries\ReadSeries\wwwroot\lib\echarts-5.3.0\package\lib\dataTool\gexf.js
C:\Users\sheila\Documents\Projetos\ReadSeries\ReadSeries\wwwroot\lib\echarts-5.3.0\package\lib\dataTool\gexf.js.map
C:\Users\sheila\Documents\Projetos\ReadSeries\ReadSeries\wwwroot\lib\echarts-5.3.0\package\lib\dataTool\gexf.d.ts
C:\Users\sheila\Documents\Projetos\ReadSeries\ReadSeries\wwwroot\lib\echarts-5.3.0\package\lib\dataTool\prepareBoxplotData.js
C:\Users\sheila\Documents\Projetos\ReadSeries\ReadSeries\wwwroot\lib\echarts-5.3.0\package\lib\dataTool\prepareBoxplotData.js.map
C:\Users\sheila\Documents\Projetos\ReadSeries\ReadSeries\wwwroot\lib\echarts-5.3.0\package\lib\dataTool\prepareBoxplotData.d.ts
C:\Users\sheila\Documents\Projetos\ReadSeries\ReadSeries\wwwroot\lib\echarts-5.3.0\package\lib\dataTool\index.js
C:\Users\sheila\Documents\Projetos\ReadSeries\ReadSeries\wwwroot\lib\echarts-5.3.0\package\lib\dataTool\index.js.map
C:\Users\sheila\Documents\Projetos\ReadSeries\ReadSeries\wwwroot\lib\echarts-5.3.0\package\lib\dataTool\index.d.ts
